[2025-08-28T15:39:35.490+0000] {local_task_job_runner.py:120} INFO - ::group::Pre task execution logs
[2025-08-28T15:39:39.369+0000] {taskinstance.py:2076} INFO - Dependencies all met for dep_context=non-requeueable deps ti=<TaskInstance: mntrading_dataset_upload.upload_to_minio manual__2025-08-28T15:02:32.259486+00:00 [queued]>
[2025-08-28T15:39:39.590+0000] {taskinstance.py:2076} INFO - Dependencies all met for dep_context=requeueable deps ti=<TaskInstance: mntrading_dataset_upload.upload_to_minio manual__2025-08-28T15:02:32.259486+00:00 [queued]>
[2025-08-28T15:39:39.591+0000] {taskinstance.py:2306} INFO - Starting attempt 1 of 2
[2025-08-28T15:39:39.984+0000] {taskinstance.py:2330} INFO - Executing <Task(BashOperator): upload_to_minio> on 2025-08-28 15:02:32.259486+00:00
[2025-08-28T15:39:39.997+0000] {standard_task_runner.py:90} INFO - Running: ['***', 'tasks', 'run', 'mntrading_dataset_upload', 'upload_to_minio', 'manual__2025-08-28T15:02:32.259486+00:00', '--job-id', '5', '--raw', '--subdir', 'DAGS_FOLDER/mntrading_dataset_upload.py', '--cfg-path', '/tmp/tmpy67kn6jq']
[2025-08-28T15:39:40.001+0000] {standard_task_runner.py:91} INFO - Job 5: Subtask upload_to_minio
[2025-08-28T15:39:40.038+0000] {logging_mixin.py:188} WARNING - /home/***/.local/lib/python3.12/site-packages/***/task/task_runner/standard_task_runner.py:61 DeprecationWarning: This process (pid=11174) is multi-threaded, use of fork() may lead to deadlocks in the child.
[2025-08-28T15:39:40.039+0000] {standard_task_runner.py:63} INFO - Started process 11195 to run task
[2025-08-28T15:39:40.495+0000] {task_command.py:426} INFO - Running <TaskInstance: mntrading_dataset_upload.upload_to_minio manual__2025-08-28T15:02:32.259486+00:00 [running]> on host 53739701ccad
[2025-08-28T15:39:43.418+0000] {taskinstance.py:2648} INFO - Exporting env vars: AIRFLOW_CTX_DAG_OWNER='***' AIRFLOW_CTX_DAG_ID='mntrading_dataset_upload' AIRFLOW_CTX_TASK_ID='upload_to_minio' AIRFLOW_CTX_EXECUTION_DATE='2025-08-28T15:02:32.259486+00:00' AIRFLOW_CTX_TRY_NUMBER='1' AIRFLOW_CTX_DAG_RUN_ID='manual__2025-08-28T15:02:32.259486+00:00'
[2025-08-28T15:39:43.455+0000] {taskinstance.py:430} INFO - ::endgroup::
[2025-08-28T15:39:45.396+0000] {subprocess.py:63} INFO - Tmp dir root location: /tmp
[2025-08-28T15:39:45.404+0000] {subprocess.py:75} INFO - Running command: ['/usr/bin/bash', '-c', 'python /app/scripts/upload_to_minio.py --src /app/data/datasets --prefix datasets/']
[2025-08-28T15:39:45.612+0000] {subprocess.py:86} INFO - Output:
[2025-08-28T15:39:57.713+0000] {subprocess.py:97} INFO - Command exited with return code 0
[2025-08-28T15:39:57.714+0000] {taskinstance.py:441} INFO - ::group::Post task execution logs
[2025-08-28T15:39:57.915+0000] {taskinstance.py:1206} INFO - Marking task as SUCCESS. dag_id=mntrading_dataset_upload, task_id=upload_to_minio, run_id=manual__2025-08-28T15:02:32.259486+00:00, execution_date=20250828T150232, start_date=20250828T153939, end_date=20250828T153957
[2025-08-28T15:39:57.972+0000] {local_task_job_runner.py:240} INFO - Task exited with return code 0
[2025-08-28T15:39:58.012+0000] {taskinstance.py:3503} INFO - 0 downstream tasks scheduled from follow-on schedule check
[2025-08-28T15:39:58.015+0000] {local_task_job_runner.py:222} INFO - ::endgroup::
