[2025-09-05T11:49:32.827+0000] {processor.py:161} INFO - Started process (PID=51492) to work on /opt/airflow/dags/mntrading_pipeline.py
[2025-09-05T11:49:32.830+0000] {processor.py:830} INFO - Processing file /opt/airflow/dags/mntrading_pipeline.py for tasks to queue
[2025-09-05T11:49:32.832+0000] {logging_mixin.py:188} INFO - [2025-09-05T11:49:32.831+0000] {dagbag.py:545} INFO - Filling up the DagBag from /opt/airflow/dags/mntrading_pipeline.py
[2025-09-05T11:49:32.983+0000] {processor.py:840} INFO - DAG(s) 'mntrading_e2e' retrieved from /opt/airflow/dags/mntrading_pipeline.py
[2025-09-05T11:49:33.027+0000] {logging_mixin.py:188} INFO - [2025-09-05T11:49:33.026+0000] {dag.py:3096} INFO - Sync 1 DAGs
[2025-09-05T11:49:33.066+0000] {logging_mixin.py:188} INFO - [2025-09-05T11:49:33.066+0000] {dag.py:3954} INFO - Setting next_dagrun for mntrading_e2e to 2025-09-04 00:00:00+00:00, run_after=2025-09-05 00:00:00+00:00
[2025-09-05T11:49:33.097+0000] {processor.py:183} INFO - Processing /opt/airflow/dags/mntrading_pipeline.py took 0.282 seconds
[2025-09-05T11:50:03.222+0000] {processor.py:161} INFO - Started process (PID=51512) to work on /opt/airflow/dags/mntrading_pipeline.py
[2025-09-05T11:50:03.224+0000] {processor.py:830} INFO - Processing file /opt/airflow/dags/mntrading_pipeline.py for tasks to queue
[2025-09-05T11:50:03.226+0000] {logging_mixin.py:188} INFO - [2025-09-05T11:50:03.226+0000] {dagbag.py:545} INFO - Filling up the DagBag from /opt/airflow/dags/mntrading_pipeline.py
[2025-09-05T11:50:03.334+0000] {processor.py:840} INFO - DAG(s) 'mntrading_e2e' retrieved from /opt/airflow/dags/mntrading_pipeline.py
[2025-09-05T11:50:03.370+0000] {logging_mixin.py:188} INFO - [2025-09-05T11:50:03.369+0000] {dag.py:3096} INFO - Sync 1 DAGs
[2025-09-05T11:50:03.418+0000] {logging_mixin.py:188} INFO - [2025-09-05T11:50:03.418+0000] {dag.py:3954} INFO - Setting next_dagrun for mntrading_e2e to 2025-09-04 00:00:00+00:00, run_after=2025-09-05 00:00:00+00:00
[2025-09-05T11:50:03.456+0000] {processor.py:183} INFO - Processing /opt/airflow/dags/mntrading_pipeline.py took 0.244 seconds
[2025-09-05T11:50:33.798+0000] {processor.py:161} INFO - Started process (PID=51532) to work on /opt/airflow/dags/mntrading_pipeline.py
[2025-09-05T11:50:33.800+0000] {processor.py:830} INFO - Processing file /opt/airflow/dags/mntrading_pipeline.py for tasks to queue
[2025-09-05T11:50:33.802+0000] {logging_mixin.py:188} INFO - [2025-09-05T11:50:33.801+0000] {dagbag.py:545} INFO - Filling up the DagBag from /opt/airflow/dags/mntrading_pipeline.py
[2025-09-05T11:50:33.901+0000] {processor.py:840} INFO - DAG(s) 'mntrading_e2e' retrieved from /opt/airflow/dags/mntrading_pipeline.py
[2025-09-05T11:50:33.947+0000] {logging_mixin.py:188} INFO - [2025-09-05T11:50:33.947+0000] {dag.py:3096} INFO - Sync 1 DAGs
[2025-09-05T11:50:33.988+0000] {logging_mixin.py:188} INFO - [2025-09-05T11:50:33.988+0000] {dag.py:3954} INFO - Setting next_dagrun for mntrading_e2e to 2025-09-04 00:00:00+00:00, run_after=2025-09-05 00:00:00+00:00
[2025-09-05T11:50:34.029+0000] {processor.py:183} INFO - Processing /opt/airflow/dags/mntrading_pipeline.py took 0.243 seconds
[2025-09-05T11:51:04.631+0000] {processor.py:161} INFO - Started process (PID=51550) to work on /opt/airflow/dags/mntrading_pipeline.py
[2025-09-05T11:51:04.633+0000] {processor.py:830} INFO - Processing file /opt/airflow/dags/mntrading_pipeline.py for tasks to queue
[2025-09-05T11:51:04.635+0000] {logging_mixin.py:188} INFO - [2025-09-05T11:51:04.634+0000] {dagbag.py:545} INFO - Filling up the DagBag from /opt/airflow/dags/mntrading_pipeline.py
[2025-09-05T11:51:04.950+0000] {processor.py:840} INFO - DAG(s) 'mntrading_e2e' retrieved from /opt/airflow/dags/mntrading_pipeline.py
[2025-09-05T11:51:05.063+0000] {logging_mixin.py:188} INFO - [2025-09-05T11:51:05.063+0000] {dag.py:3096} INFO - Sync 1 DAGs
[2025-09-05T11:51:05.142+0000] {logging_mixin.py:188} INFO - [2025-09-05T11:51:05.141+0000] {dag.py:3954} INFO - Setting next_dagrun for mntrading_e2e to 2025-09-04 00:00:00+00:00, run_after=2025-09-05 00:00:00+00:00
[2025-09-05T11:51:05.207+0000] {processor.py:183} INFO - Processing /opt/airflow/dags/mntrading_pipeline.py took 0.784 seconds
