[2025-09-05T11:49:31.525+0000] {processor.py:161} INFO - Started process (PID=51487) to work on /opt/airflow/dags/mntrading_dag.py
[2025-09-05T11:49:31.526+0000] {processor.py:830} INFO - Processing file /opt/airflow/dags/mntrading_dag.py for tasks to queue
[2025-09-05T11:49:31.528+0000] {logging_mixin.py:188} INFO - [2025-09-05T11:49:31.527+0000] {dagbag.py:545} INFO - Filling up the DagBag from /opt/airflow/dags/mntrading_dag.py
[2025-09-05T11:49:31.563+0000] {processor.py:840} INFO - DAG(s) 'mntrading_short_cycle_15m', 'mntrading_bootstrap_daily' retrieved from /opt/airflow/dags/mntrading_dag.py
[2025-09-05T11:49:31.634+0000] {logging_mixin.py:188} INFO - [2025-09-05T11:49:31.633+0000] {dag.py:3096} INFO - Sync 2 DAGs
[2025-09-05T11:49:31.673+0000] {logging_mixin.py:188} INFO - [2025-09-05T11:49:31.672+0000] {dag.py:3954} INFO - Setting next_dagrun for mntrading_bootstrap_daily to 2025-09-04 00:30:00+00:00, run_after=2025-09-05 00:30:00+00:00
[2025-09-05T11:49:31.684+0000] {logging_mixin.py:188} INFO - [2025-09-05T11:49:31.683+0000] {dag.py:3954} INFO - Setting next_dagrun for mntrading_short_cycle_15m to 2025-09-05 11:30:00+00:00, run_after=2025-09-05 11:45:00+00:00
[2025-09-05T11:49:31.726+0000] {processor.py:183} INFO - Processing /opt/airflow/dags/mntrading_dag.py took 0.217 seconds
[2025-09-05T11:50:01.891+0000] {processor.py:161} INFO - Started process (PID=51507) to work on /opt/airflow/dags/mntrading_dag.py
[2025-09-05T11:50:01.894+0000] {processor.py:830} INFO - Processing file /opt/airflow/dags/mntrading_dag.py for tasks to queue
[2025-09-05T11:50:01.896+0000] {logging_mixin.py:188} INFO - [2025-09-05T11:50:01.895+0000] {dagbag.py:545} INFO - Filling up the DagBag from /opt/airflow/dags/mntrading_dag.py
[2025-09-05T11:50:01.943+0000] {processor.py:840} INFO - DAG(s) 'mntrading_bootstrap_daily', 'mntrading_short_cycle_15m' retrieved from /opt/airflow/dags/mntrading_dag.py
[2025-09-05T11:50:02.029+0000] {logging_mixin.py:188} INFO - [2025-09-05T11:50:02.029+0000] {dag.py:3096} INFO - Sync 2 DAGs
[2025-09-05T11:50:02.083+0000] {logging_mixin.py:188} INFO - [2025-09-05T11:50:02.083+0000] {dag.py:3954} INFO - Setting next_dagrun for mntrading_bootstrap_daily to 2025-09-04 00:30:00+00:00, run_after=2025-09-05 00:30:00+00:00
[2025-09-05T11:50:02.096+0000] {logging_mixin.py:188} INFO - [2025-09-05T11:50:02.096+0000] {dag.py:3954} INFO - Setting next_dagrun for mntrading_short_cycle_15m to 2025-09-05 11:30:00+00:00, run_after=2025-09-05 11:45:00+00:00
[2025-09-05T11:50:02.134+0000] {processor.py:183} INFO - Processing /opt/airflow/dags/mntrading_dag.py took 0.263 seconds
[2025-09-05T11:50:32.551+0000] {processor.py:161} INFO - Started process (PID=51527) to work on /opt/airflow/dags/mntrading_dag.py
[2025-09-05T11:50:32.553+0000] {processor.py:830} INFO - Processing file /opt/airflow/dags/mntrading_dag.py for tasks to queue
[2025-09-05T11:50:32.556+0000] {logging_mixin.py:188} INFO - [2025-09-05T11:50:32.555+0000] {dagbag.py:545} INFO - Filling up the DagBag from /opt/airflow/dags/mntrading_dag.py
[2025-09-05T11:50:32.650+0000] {processor.py:840} INFO - DAG(s) 'mntrading_bootstrap_daily', 'mntrading_short_cycle_15m' retrieved from /opt/airflow/dags/mntrading_dag.py
[2025-09-05T11:50:32.785+0000] {logging_mixin.py:188} INFO - [2025-09-05T11:50:32.780+0000] {dag.py:3096} INFO - Sync 2 DAGs
[2025-09-05T11:50:32.877+0000] {logging_mixin.py:188} INFO - [2025-09-05T11:50:32.876+0000] {dag.py:3954} INFO - Setting next_dagrun for mntrading_bootstrap_daily to 2025-09-04 00:30:00+00:00, run_after=2025-09-05 00:30:00+00:00
[2025-09-05T11:50:32.892+0000] {logging_mixin.py:188} INFO - [2025-09-05T11:50:32.892+0000] {dag.py:3954} INFO - Setting next_dagrun for mntrading_short_cycle_15m to 2025-09-05 11:30:00+00:00, run_after=2025-09-05 11:45:00+00:00
[2025-09-05T11:50:32.926+0000] {processor.py:183} INFO - Processing /opt/airflow/dags/mntrading_dag.py took 0.394 seconds
[2025-09-05T11:51:04.303+0000] {processor.py:161} INFO - Started process (PID=51547) to work on /opt/airflow/dags/mntrading_dag.py
[2025-09-05T11:51:04.319+0000] {processor.py:830} INFO - Processing file /opt/airflow/dags/mntrading_dag.py for tasks to queue
[2025-09-05T11:51:04.391+0000] {logging_mixin.py:188} INFO - [2025-09-05T11:51:04.365+0000] {dagbag.py:545} INFO - Filling up the DagBag from /opt/airflow/dags/mntrading_dag.py
[2025-09-05T11:51:04.636+0000] {processor.py:840} INFO - DAG(s) 'mntrading_short_cycle_15m', 'mntrading_bootstrap_daily' retrieved from /opt/airflow/dags/mntrading_dag.py
[2025-09-05T11:51:04.848+0000] {logging_mixin.py:188} INFO - [2025-09-05T11:51:04.847+0000] {dag.py:3096} INFO - Sync 2 DAGs
[2025-09-05T11:51:05.046+0000] {logging_mixin.py:188} INFO - [2025-09-05T11:51:05.046+0000] {dag.py:3954} INFO - Setting next_dagrun for mntrading_bootstrap_daily to 2025-09-04 00:30:00+00:00, run_after=2025-09-05 00:30:00+00:00
[2025-09-05T11:51:05.066+0000] {logging_mixin.py:188} INFO - [2025-09-05T11:51:05.065+0000] {dag.py:3954} INFO - Setting next_dagrun for mntrading_short_cycle_15m to 2025-09-05 11:30:00+00:00, run_after=2025-09-05 11:45:00+00:00
[2025-09-05T11:51:05.127+0000] {processor.py:183} INFO - Processing /opt/airflow/dags/mntrading_dag.py took 1.493 seconds
